Arguments: 
  C:\Program Files\nodejs\node.exe C:\Users\Stanislaw\.node\corepack\yarn\1.22.15\bin\yarn.js add lazy-youtube-video

PATH: 
  C:\oraclexe\app\oracle\product\10.2.0\server\bin;C:\Program Files\BellSoft\LibericaJDK-8\bin\;C:\Program Files\Common Files\Oracle\Java\javapath;C:\Program Files (x86)\Windows Resource Kits\Tools\;C:\WINDOWS\system32;C:\WINDOWS;C:\WINDOWS\System32\Wbem;C:\WINDOWS\System32\WindowsPowerShell\v1.0\;C:\WINDOWS\System32\OpenSSH\;C:\Program Files\Bandizip\;C:\Program Files\Git\cmd;C:\Program Files\nodejs\;C:\ProgramData\chocolatey\bin;C:\Program Files\BellSoft\LibericaJDK-8\\bin;C:\Users\Stanislaw\AppData\Local\Android\Sdk\tools;C:\Users\Stanislaw\AppData\Local\Android\Sdk\tools\bin;C:\Users\Stanislaw\AppData\Local\Android\Sdk\platform-tools;C:\Users\Stanislaw\AppData\Local\Microsoft\WindowsApps;C:\Users\Stanislaw\AppData\Local\Programs\Microsoft VS Code\bin;E:\Programs\PyCharm 2021.3.1\bin;E:\Programs\IntelliJ IDEA 2021.3.1\bin;C:\Users\Stanislaw\AppData\Roaming\npm;C:\ProgramData\Stanislaw\atom\bin;%USERPROFILE%\AppData\Local\Microsoft\WindowsApps;

Yarn version: 
  1.22.15

Node version: 
  16.14.0

Platform: 
  win32 x64

Trace: 
  Error: https://registry.yarnpkg.com/lazy-youtube-video: Not found
      at Request.params.callback [as _callback] (C:\Users\Stanislaw\.node\corepack\yarn\1.22.15\lib\cli.js:66140:18)
      at Request.self.callback (C:\Users\Stanislaw\.node\corepack\yarn\1.22.15\lib\cli.js:140885:22)
      at Request.emit (node:events:520:28)
      at Request.<anonymous> (C:\Users\Stanislaw\.node\corepack\yarn\1.22.15\lib\cli.js:141857:10)
      at Request.emit (node:events:520:28)
      at IncomingMessage.<anonymous> (C:\Users\Stanislaw\.node\corepack\yarn\1.22.15\lib\cli.js:141779:12)
      at Object.onceWrapper (node:events:639:28)
      at IncomingMessage.emit (node:events:532:35)
      at endReadableNT (node:internal/streams/readable:1346:12)
      at processTicksAndRejections (node:internal/process/task_queues:83:21)

npm manifest: 
  {
    "name": "kindergarden-bootstrap",
    "version": "1.0.0",
    "description": "На 21.03 Имею:\r <ul>\r <li>Верстка с использованием сетки бутстрап</li>\r <li>Научился конфигурировать контейнеры</li>\r <li>Прописаны брекпоинты только для 1 блока</li>\r <li>Почти все элементы прописаны с использованием контейнеров</li>\r </ul>",
    "main": "index.js",
    "scripts": {
      "test": "echo \"Error: no test specified\" && exit 1"
    },
    "repository": "git+https://github.com/StanislawPivovarov/kinder-bootstrap.git",
    "author": "Stanislaw Pivovarov <photovarov@bk.ru>",
    "license": "ISC",
    "bugs": {
      "url": "https://github.com/StanislawPivovarov/kinder-bootstrap/issues"
    },
    "homepage": "https://github.com/StanislawPivovarov/kinder-bootstrap#readme",
    "dependencies": {
      "bootstrap": "^5.1.3",
      "bootstrap-4-grid": "^3.4.0",
      "gulp": "^4.0.2",
      "gulp-live-server": "^0.0.31"
    }
  }

yarn manifest: 
  No manifest

Lockfile: 
  No lockfile
